# JRE version: Java(TM) SE Runtime Environment (8.0_60-b27) (build 1.8.0_60-b27)
# Java VM: Java HotSpot(TM) 64-Bit Server VM (25.60-b23 mixed mode linux-amd64 compressed oops)
Heap:
 PSYoungGen      total 244736K, used 33274K [0x00000000d6e00000, 0x00000000ecd80000, 0x0000000100000000)
  eden space 211456K, 0% used [0x00000000d6e00000,0x00000000d6e00000,0x00000000e3c80000)
  from space 33280K, 99% used [0x00000000ead00000,0x00000000ecd7ebe8,0x00000000ecd80000)
  to   space 16384K, 0% used [0x00000000e3c80000,0x00000000e3c80000,0x00000000e4c80000)
 ParOldGen       total 139776K, used 119321K [0x0000000084a00000, 0x000000008d280000, 0x00000000d6e00000)
  object space 139776K, 85% used [0x0000000084a00000,0x000000008be866c8,0x000000008d280000)
 Metaspace       used 27277K, capacity 28000K, committed 28288K, reserved 1075200K
  class space    used 3168K, capacity 3347K, committed 3456K, reserved 1048576K
GC Heap History (10 events):
Event: 3.105 GC heap after
Heap after GC invocations=7 (full 1):
 PSYoungGen      total 137728K, used 0K [0x00000000d6e00000, 0x00000000dff00000, 0x0000000100000000)
  eden space 126976K, 0% used [0x00000000d6e00000,0x00000000d6e00000,0x00000000dea00000)
  from space 10752K, 0% used [0x00000000df480000,0x00000000df480000,0x00000000dff00000)
  to   space 10752K, 0% used [0x00000000dea00000,0x00000000dea00000,0x00000000df480000)
 ParOldGen       total 60416K, used 13953K [0x0000000084a00000, 0x0000000088500000, 0x00000000d6e00000)
  object space 60416K, 23% used [0x0000000084a00000,0x00000000857a0750,0x0000000088500000)
 Metaspace       used 20601K, capacity 21096K, committed 21296K, reserved 1069056K
  class space    used 2499K, capacity 2622K, committed 2688K, reserved 1048576K
}
Event: 4.674 GC heap before
{Heap before GC invocations=8 (full 1):
 PSYoungGen      total 137728K, used 126976K [0x00000000d6e00000, 0x00000000dff00000, 0x0000000100000000)
  eden space 126976K, 100% used [0x00000000d6e00000,0x00000000dea00000,0x00000000dea00000)
  from space 10752K, 0% used [0x00000000df480000,0x00000000df480000,0x00000000dff00000)
  to   space 10752K, 0% used [0x00000000dea00000,0x00000000dea00000,0x00000000df480000)
 ParOldGen       total 60416K, used 13953K [0x0000000084a00000, 0x0000000088500000, 0x00000000d6e00000)
  object space 60416K, 23% used [0x0000000084a00000,0x00000000857a0750,0x0000000088500000)
 Metaspace       used 26013K, capacity 26672K, committed 26880K, reserved 1073152K
  class space    used 3093K, capacity 3275K, committed 3328K, reserved 1048576K
Event: 4.710 GC heap after
Heap after GC invocations=8 (full 1):
 PSYoungGen      total 137728K, used 10735K [0x00000000d6e00000, 0x00000000e5f80000, 0x0000000100000000)
  eden space 126976K, 0% used [0x00000000d6e00000,0x00000000d6e00000,0x00000000dea00000)
  from space 10752K, 99% used [0x00000000dea00000,0x00000000df47bf50,0x00000000df480000)
  to   space 15872K, 0% used [0x00000000e5000000,0x00000000e5000000,0x00000000e5f80000)
 ParOldGen       total 60416K, used 22285K [0x0000000084a00000, 0x0000000088500000, 0x00000000d6e00000)
  object space 60416K, 36% used [0x0000000084a00000,0x0000000085fc3490,0x0000000088500000)
 Metaspace       used 26013K, capacity 26672K, committed 26880K, reserved 1073152K
  class space    used 3093K, capacity 3275K, committed 3328K, reserved 1048576K
}
Event: 5.203 GC heap before
{Heap before GC invocations=9 (full 1):
 PSYoungGen      total 137728K, used 137711K [0x00000000d6e00000, 0x00000000e5f80000, 0x0000000100000000)
  eden space 126976K, 100% used [0x00000000d6e00000,0x00000000dea00000,0x00000000dea00000)
  from space 10752K, 99% used [0x00000000dea00000,0x00000000df47bf50,0x00000000df480000)
  to   space 15872K, 0% used [0x00000000e5000000,0x00000000e5000000,0x00000000e5f80000)
 ParOldGen       total 60416K, used 22285K [0x0000000084a00000, 0x0000000088500000, 0x00000000d6e00000)
  object space 60416K, 36% used [0x0000000084a00000,0x0000000085fc3490,0x0000000088500000)
 Metaspace       used 26486K, capacity 27170K, committed 27392K, reserved 1073152K
  class space    used 3108K, capacity 3310K, committed 3328K, reserved 1048576K
Event: 5.219 GC heap after
Heap after GC invocations=9 (full 1):
 PSYoungGen      total 224256K, used 12274K [0x00000000d6e00000, 0x00000000e5c80000, 0x0000000100000000)
  eden space 211456K, 0% used [0x00000000d6e00000,0x00000000d6e00000,0x00000000e3c80000)
  from space 12800K, 95% used [0x00000000e5000000,0x00000000e5bfca88,0x00000000e5c80000)
  to   space 16384K, 0% used [0x00000000e3c80000,0x00000000e3c80000,0x00000000e4c80000)
 ParOldGen       total 60416K, used 22293K [0x0000000084a00000, 0x0000000088500000, 0x00000000d6e00000)
  object space 60416K, 36% used [0x0000000084a00000,0x0000000085fc5490,0x0000000088500000)
 Metaspace       used 26486K, capacity 27170K, committed 27392K, reserved 1073152K
  class space    used 3108K, capacity 3310K, committed 3328K, reserved 1048576K
}
Event: 6.648 GC heap before
{Heap before GC invocations=10 (full 1):
 PSYoungGen      total 224256K, used 223730K [0x00000000d6e00000, 0x00000000e5c80000, 0x0000000100000000)
  eden space 211456K, 100% used [0x00000000d6e00000,0x00000000e3c80000,0x00000000e3c80000)
  from space 12800K, 95% used [0x00000000e5000000,0x00000000e5bfca88,0x00000000e5c80000)
  to   space 16384K, 0% used [0x00000000e3c80000,0x00000000e3c80000,0x00000000e4c80000)
 ParOldGen       total 60416K, used 22293K [0x0000000084a00000, 0x0000000088500000, 0x00000000d6e00000)
  object space 60416K, 36% used [0x0000000084a00000,0x0000000085fc5490,0x0000000088500000)
 Metaspace       used 27269K, capacity 28000K, committed 28288K, reserved 1075200K
  class space    used 3168K, capacity 3347K, committed 3456K, reserved 1048576K
Event: 6.705 GC heap after
Heap after GC invocations=10 (full 1):
 PSYoungGen      total 227840K, used 16371K [0x00000000d6e00000, 0x00000000ecd80000, 0x0000000100000000)
  eden space 211456K, 0% used [0x00000000d6e00000,0x00000000d6e00000,0x00000000e3c80000)
  from space 16384K, 99% used [0x00000000e3c80000,0x00000000e4c7ced8,0x00000000e4c80000)
  to   space 33280K, 0% used [0x00000000ead00000,0x00000000ead00000,0x00000000ecd80000)
 ParOldGen       total 60416K, used 58633K [0x0000000084a00000, 0x0000000088500000, 0x00000000d6e00000)
  object space 60416K, 97% used [0x0000000084a00000,0x00000000883427e0,0x0000000088500000)
 Metaspace       used 27269K, capacity 28000K, committed 28288K, reserved 1075200K
  class space    used 3168K, capacity 3347K, committed 3456K, reserved 1048576K
}
Event: 6.705 GC heap before
{Heap before GC invocations=11 (full 2):
 PSYoungGen      total 227840K, used 16371K [0x00000000d6e00000, 0x00000000ecd80000, 0x0000000100000000)
  eden space 211456K, 0% used [0x00000000d6e00000,0x00000000d6e00000,0x00000000e3c80000)
  from space 16384K, 99% used [0x00000000e3c80000,0x00000000e4c7ced8,0x00000000e4c80000)
  to   space 33280K, 0% used [0x00000000ead00000,0x00000000ead00000,0x00000000ecd80000)
 ParOldGen       total 60416K, used 58633K [0x0000000084a00000, 0x0000000088500000, 0x00000000d6e00000)
  object space 60416K, 97% used [0x0000000084a00000,0x00000000883427e0,0x0000000088500000)
 Metaspace       used 27269K, capacity 28000K, committed 28288K, reserved 1075200K
  class space    used 3168K, capacity 3347K, committed 3456K, reserved 1048576K
Event: 6.891 GC heap after
Heap after GC invocations=11 (full 2):
 PSYoungGen      total 227840K, used 4768K [0x00000000d6e00000, 0x00000000ecd80000, 0x0000000100000000)
  eden space 211456K, 0% used [0x00000000d6e00000,0x00000000d6e00000,0x00000000e3c80000)
  from space 16384K, 29% used [0x00000000e3c80000,0x00000000e41283d0,0x00000000e4c80000)
  to   space 33280K, 0% used [0x00000000ead00000,0x00000000ead00000,0x00000000ecd80000)
 ParOldGen       total 139776K, used 60338K [0x0000000084a00000, 0x000000008d280000, 0x00000000d6e00000)
  object space 139776K, 43% used [0x0000000084a00000,0x00000000884ecaf8,0x000000008d280000)
 Metaspace       used 27269K, capacity 28000K, committed 28288K, reserved 1075200K
  class space    used 3168K, capacity 3347K, committed 3456K, reserved 1048576K
}
Event: 8.047 GC heap before
{Heap before GC invocations=12 (full 2):
 PSYoungGen      total 227840K, used 216224K [0x00000000d6e00000, 0x00000000ecd80000, 0x0000000100000000)
  eden space 211456K, 100% used [0x00000000d6e00000,0x00000000e3c80000,0x00000000e3c80000)
  from space 16384K, 29% used [0x00000000e3c80000,0x00000000e41283d0,0x00000000e4c80000)
  to   space 33280K, 0% used [0x00000000ead00000,0x00000000ead00000,0x00000000ecd80000)
 ParOldGen       total 139776K, used 60338K [0x0000000084a00000, 0x000000008d280000, 0x00000000d6e00000)
  object space 139776K, 43% used [0x0000000084a00000,0x00000000884ecaf8,0x000000008d280000)
 Metaspace       used 27277K, capacity 28000K, committed 28288K, reserved 1075200K
  class space    used 3168K, capacity 3347K, committed 3456K, reserved 1048576K

